# JRE version: OpenJDK Runtime Environment 18.9 (11.0.11+9) (build 11.0.11+9)
# Java VM: OpenJDK 64-Bit Server VM 18.9 (11.0.11+9, mixed mode, tiered, compressed oops, g1 gc, windows-amd64)
Heap:
 garbage-first heap   total 262144K, used 144157K [0x0000000740000000, 0x0000000800000000)
  region size 1024K, 45 young (46080K), 3 survivors (3072K)
 Metaspace       used 113297K, capacity 116406K, committed 116492K, reserved 1148928K
  class space    used 15067K, capacity 16454K, committed 16512K, reserved 1048576K
GC Heap History (20 events):
Event: 1367.065 GC heap before
{Heap before GC invocations=54 (full 1):
 garbage-first heap   total 262144K, used 170884K [0x0000000740000000, 0x0000000800000000)
  region size 1024K, 60 young (61440K), 4 survivors (4096K)
 Metaspace       used 110126K, capacity 113090K, committed 113420K, reserved 1146880K
  class space    used 14568K, capacity 15881K, committed 16000K, reserved 1048576K
}
Event: 1367.072 GC heap after
{Heap after GC invocations=55 (full 1):
 garbage-first heap   total 262144K, used 113633K [0x0000000740000000, 0x0000000800000000)
  region size 1024K, 4 young (4096K), 4 survivors (4096K)
 Metaspace       used 110126K, capacity 113090K, committed 113420K, reserved 1146880K
  class space    used 14568K, capacity 15881K, committed 16000K, reserved 1048576K
}
Event: 1557.416 GC heap before
{Heap before GC invocations=55 (full 1):
 garbage-first heap   total 262144K, used 170977K [0x0000000740000000, 0x0000000800000000)
  region size 1024K, 60 young (61440K), 4 survivors (4096K)
 Metaspace       used 110208K, capacity 113154K, committed 113420K, reserved 1146880K
  class space    used 14568K, capacity 15881K, committed 16000K, reserved 1048576K
}
Event: 1557.422 GC heap after
{Heap after GC invocations=56 (full 1):
 garbage-first heap   total 262144K, used 113500K [0x0000000740000000, 0x0000000800000000)
  region size 1024K, 4 young (4096K), 4 survivors (4096K)
 Metaspace       used 110208K, capacity 113154K, committed 113420K, reserved 1146880K
  class space    used 14568K, capacity 15881K, committed 16000K, reserved 1048576K
}
Event: 1793.005 GC heap before
{Heap before GC invocations=56 (full 1):
 garbage-first heap   total 262144K, used 170844K [0x0000000740000000, 0x0000000800000000)
  region size 1024K, 60 young (61440K), 4 survivors (4096K)
 Metaspace       used 110208K, capacity 113154K, committed 113420K, reserved 1146880K
  class space    used 14568K, capacity 15881K, committed 16000K, reserved 1048576K
}
Event: 1793.011 GC heap after
{Heap after GC invocations=57 (full 1):
 garbage-first heap   total 262144K, used 113727K [0x0000000740000000, 0x0000000800000000)
  region size 1024K, 5 young (5120K), 5 survivors (5120K)
 Metaspace       used 110208K, capacity 113154K, committed 113420K, reserved 1146880K
  class space    used 14568K, capacity 15881K, committed 16000K, reserved 1048576K
}
Event: 1813.436 GC heap before
{Heap before GC invocations=57 (full 1):
 garbage-first heap   total 262144K, used 118847K [0x0000000740000000, 0x0000000800000000)
  region size 1024K, 11 young (11264K), 5 survivors (5120K)
 Metaspace       used 110208K, capacity 113154K, committed 113420K, reserved 1146880K
  class space    used 14568K, capacity 15881K, committed 16000K, reserved 1048576K
}
Event: 1813.616 GC heap after
{Heap after GC invocations=58 (full 2):
 garbage-first heap   total 262144K, used 99350K [0x0000000740000000, 0x0000000800000000)
  region size 1024K, 0 young (0K), 0 survivors (0K)
 Metaspace       used 110208K, capacity 113154K, committed 113420K, reserved 1146880K
  class space    used 14568K, capacity 15881K, committed 16000K, reserved 1048576K
}
Event: 2067.602 GC heap before
{Heap before GC invocations=58 (full 2):
 garbage-first heap   total 262144K, used 160790K [0x0000000740000000, 0x0000000800000000)
  region size 1024K, 60 young (61440K), 0 survivors (0K)
 Metaspace       used 110209K, capacity 113154K, committed 113420K, reserved 1146880K
  class space    used 14568K, capacity 15881K, committed 16000K, reserved 1048576K
}
Event: 2067.608 GC heap after
{Heap after GC invocations=59 (full 2):
 garbage-first heap   total 262144K, used 101545K [0x0000000740000000, 0x0000000800000000)
  region size 1024K, 3 young (3072K), 3 survivors (3072K)
 Metaspace       used 110209K, capacity 113154K, committed 113420K, reserved 1146880K
  class space    used 14568K, capacity 15881K, committed 16000K, reserved 1048576K
}
Event: 2110.932 GC heap before
{Heap before GC invocations=59 (full 2):
 garbage-first heap   total 262144K, used 159913K [0x0000000740000000, 0x0000000800000000)
  region size 1024K, 60 young (61440K), 3 survivors (3072K)
 Metaspace       used 110654K, capacity 113605K, committed 113932K, reserved 1146880K
  class space    used 14581K, capacity 15882K, committed 16000K, reserved 1048576K
}
Event: 2110.935 GC heap after
{Heap after GC invocations=60 (full 2):
 garbage-first heap   total 262144K, used 100356K [0x0000000740000000, 0x0000000800000000)
  region size 1024K, 1 young (1024K), 1 survivors (1024K)
 Metaspace       used 110654K, capacity 113605K, committed 113932K, reserved 1146880K
  class space    used 14581K, capacity 15882K, committed 16000K, reserved 1048576K
}
Event: 2133.430 GC heap before
{Heap before GC invocations=60 (full 2):
 garbage-first heap   total 262144K, used 159748K [0x0000000740000000, 0x0000000800000000)
  region size 1024K, 60 young (61440K), 1 survivors (1024K)
 Metaspace       used 113005K, capacity 116051K, committed 116236K, reserved 1148928K
  class space    used 15034K, capacity 16421K, committed 16512K, reserved 1048576K
}
Event: 2133.433 GC heap after
{Heap after GC invocations=61 (full 2):
 garbage-first heap   total 262144K, used 101728K [0x0000000740000000, 0x0000000800000000)
  region size 1024K, 3 young (3072K), 3 survivors (3072K)
 Metaspace       used 113005K, capacity 116051K, committed 116236K, reserved 1148928K
  class space    used 15034K, capacity 16421K, committed 16512K, reserved 1048576K
}
Event: 2144.517 GC heap before
{Heap before GC invocations=61 (full 2):
 garbage-first heap   total 262144K, used 160096K [0x0000000740000000, 0x0000000800000000)
  region size 1024K, 60 young (61440K), 3 survivors (3072K)
 Metaspace       used 113076K, capacity 116179K, committed 116492K, reserved 1148928K
  class space    used 15043K, capacity 16421K, committed 16512K, reserved 1048576K
}
Event: 2144.520 GC heap after
{Heap after GC invocations=62 (full 2):
 garbage-first heap   total 262144K, used 102174K [0x0000000740000000, 0x0000000800000000)
  region size 1024K, 3 young (3072K), 3 survivors (3072K)
 Metaspace       used 113076K, capacity 116179K, committed 116492K, reserved 1148928K
  class space    used 15043K, capacity 16421K, committed 16512K, reserved 1048576K
}
Event: 2145.157 GC heap before
{Heap before GC invocations=62 (full 2):
 garbage-first heap   total 262144K, used 160542K [0x0000000740000000, 0x0000000800000000)
  region size 1024K, 60 young (61440K), 3 survivors (3072K)
 Metaspace       used 113085K, capacity 116179K, committed 116492K, reserved 1148928K
  class space    used 15043K, capacity 16421K, committed 16512K, reserved 1048576K
}
Event: 2145.159 GC heap after
{Heap after GC invocations=63 (full 2):
 garbage-first heap   total 262144K, used 102050K [0x0000000740000000, 0x0000000800000000)
  region size 1024K, 3 young (3072K), 3 survivors (3072K)
 Metaspace       used 113085K, capacity 116179K, committed 116492K, reserved 1148928K
  class space    used 15043K, capacity 16421K, committed 16512K, reserved 1048576K
}
Event: 2146.139 GC heap before
{Heap before GC invocations=63 (full 2):
 garbage-first heap   total 262144K, used 160418K [0x0000000740000000, 0x0000000800000000)
  region size 1024K, 60 young (61440K), 3 survivors (3072K)
 Metaspace       used 113089K, capacity 116179K, committed 116492K, reserved 1148928K
  class space    used 15043K, capacity 16421K, committed 16512K, reserved 1048576K
}
Event: 2146.142 GC heap after
{Heap after GC invocations=64 (full 2):
 garbage-first heap   total 262144K, used 102173K [0x0000000740000000, 0x0000000800000000)
  region size 1024K, 3 young (3072K), 3 survivors (3072K)
 Metaspace       used 113089K, capacity 116179K, committed 116492K, reserved 1148928K
  class space    used 15043K, capacity 16421K, committed 16512K, reserved 1048576K
}

